Using pre-set license
Built from '2020.3/staging' branch; Version is '2020.3.3f1 (76626098c1c4) revision 7758432'; Using compiler version '192528614'; Build Type 'Release'
OS: 'Windows 10 Home; OS build 19043.1706; Version 2009; 64bit' Language: 'es' Physical Memory: 16085 MB
BatchMode: 1, IsHumanControllingUs: 0, StartBugReporterOnCrash: 0, Is64bit: 1, IsPro: 0

 COMMAND LINE ARGUMENTS:
C:\Program Files\Unity\Hub\Editor\2020.3.3f1\Editor\Unity.exe
-adb2
-batchMode
-noUpm
-name
AssetImportWorker0
-projectPath
C:/Users/valve/Desktop/Unity/TFG/TFG_Fatum/FatumPrototype
-logFile
Logs/AssetImportWorker0.log
-srvPort
65472
Successfully changed project path to: C:/Users/valve/Desktop/Unity/TFG/TFG_Fatum/FatumPrototype
C:/Users/valve/Desktop/Unity/TFG/TFG_Fatum/FatumPrototype
Using Asset Import Pipeline V2.
Refreshing native plugins compatible for Editor in 41.53 ms, found 0 plugins.
Preloading 0 native plugins for Editor in 0.00 ms.
Initialize engine version: 2020.3.3f1 (76626098c1c4)
[Subsystems] Discovering subsystems at path C:/Program Files/Unity/Hub/Editor/2020.3.3f1/Editor/Data/Resources/UnitySubsystems
[Subsystems] Discovering subsystems at path C:/Users/valve/Desktop/Unity/TFG/TFG_Fatum/FatumPrototype/Assets
GfxDevice: creating device client; threaded=0
Direct3D:
    Version:  Direct3D 11.0 [level 11.1]
    Renderer: NVIDIA GeForce RTX 3070 Laptop GPU (ID=0x249d)
    Vendor:   
    VRAM:     8044 MB
    Driver:   30.0.15.1179
Shader 'Universal Render Pipeline/Particles/Lit': fallback shader 'Universal Render Pipeline/Particles/SimpleLit' not found
Initialize mono
Mono path[0] = 'C:/Program Files/Unity/Hub/Editor/2020.3.3f1/Editor/Data/Managed'
Mono path[1] = 'C:/Program Files/Unity/Hub/Editor/2020.3.3f1/Editor/Data/MonoBleedingEdge/lib/mono/unityjit'
Mono config path = 'C:/Program Files/Unity/Hub/Editor/2020.3.3f1/Editor/Data/MonoBleedingEdge/etc'
Using monoOptions --debugger-agent=transport=dt_socket,embedding=1,server=y,suspend=n,address=127.0.0.1:56776
Begin MonoManager ReloadAssembly
Registering precompiled unity dll's ...
Register platform support module: C:/Program Files/Unity/Hub/Editor/2020.3.3f1/Editor/Data/PlaybackEngines/WebGLSupport/UnityEditor.WebGL.Extensions.dll
Register platform support module: C:/Program Files/Unity/Hub/Editor/2020.3.3f1/Editor/Data/PlaybackEngines/WindowsStandaloneSupport/UnityEditor.WindowsStandalone.Extensions.dll
Registered in 0.001685 seconds.
Native extension for WindowsStandalone target not found
Native extension for WebGL target not found
Refreshing native plugins compatible for Editor in 43.31 ms, found 0 plugins.
Preloading 0 native plugins for Editor in 0.00 ms.
Invoked RoslynAnalysisRunner static constructor.
RoslynAnalysisRunner will not be running.
RoslynAnalysisRunner has terminated.
Mono: successfully reloaded assembly
- Completed reload, in  1.479 seconds
Platform modules already initialized, skipping
Registering precompiled user dll's ...
Registered in 0.001267 seconds.
Begin MonoManager ReloadAssembly
Symbol file data-0000029AF4636010 doesn't match image C:\Users\valve\Desktop\Unity\TFG\TFG_Fatum\FatumPrototype\Library\ScriptAssemblies\Unity.ShaderGraph.Editor.dll
Symbol file LoadedFromMemory is not a mono symbol file
Symbol file data-0000029AF01CF450 doesn't match image C:\Users\valve\Desktop\Unity\TFG\TFG_Fatum\FatumPrototype\Library\ScriptAssemblies\Cinemachine.dll
Symbol file LoadedFromMemory is not a mono symbol file
Symbol file data-0000029AF5F05040 doesn't match image C:\Users\valve\Desktop\Unity\TFG\TFG_Fatum\FatumPrototype\Library\ScriptAssemblies\Unity.VSCode.Editor.dll
Symbol file LoadedFromMemory is not a mono symbol file
Symbol file data-0000029AF4CE3230 doesn't match image C:\Users\valve\Desktop\Unity\TFG\TFG_Fatum\FatumPrototype\Library\ScriptAssemblies\com.unity.cinemachine.editor.dll
Symbol file LoadedFromMemory is not a mono symbol file
Symbol file data-0000029AF5DCA650 doesn't match image C:\Users\valve\Desktop\Unity\TFG\TFG_Fatum\FatumPrototype\Library\ScriptAssemblies\Unity.RenderPipelines.Universal.Shaders.dll
Symbol file LoadedFromMemory is not a mono symbol file
Symbol file data-0000029AF5AE5FE0 doesn't match image C:\Users\valve\Desktop\Unity\TFG\TFG_Fatum\FatumPrototype\Library\ScriptAssemblies\Unity.RenderPipelines.Universal.Editor.dll
Symbol file LoadedFromMemory is not a mono symbol file
Symbol file data-0000029AF06B0010 doesn't match image C:\Users\valve\Desktop\Unity\TFG\TFG_Fatum\FatumPrototype\Library\ScriptAssemblies\Unity.RenderPipelines.Universal.Runtime.dll
Symbol file LoadedFromMemory is not a mono symbol file
Symbol file data-0000029AF4CE3230 doesn't match image C:\Users\valve\Desktop\Unity\TFG\TFG_Fatum\FatumPrototype\Library\ScriptAssemblies\Unity.TextMeshPro.Editor.dll
Symbol file LoadedFromMemory is not a mono symbol file
Symbol file data-0000029AF01E2860 doesn't match image C:\Users\valve\Desktop\Unity\TFG\TFG_Fatum\FatumPrototype\Library\ScriptAssemblies\Unity.VisualStudio.Editor.dll
Symbol file LoadedFromMemory is not a mono symbol file
Symbol file data-0000029AF49F6030 doesn't match image C:\Users\valve\Desktop\Unity\TFG\TFG_Fatum\FatumPrototype\Library\ScriptAssemblies\UnityEngine.TestRunner.dll
Symbol file LoadedFromMemory is not a mono symbol file
Symbol file data-0000029AF5DCAC20 doesn't match image C:\Users\valve\Desktop\Unity\TFG\TFG_Fatum\FatumPrototype\Library\ScriptAssemblies\Unity.RenderPipeline.Universal.ShaderLibrary.dll
Symbol file LoadedFromMemory is not a mono symbol file
Symbol file data-0000029AF4A67020 doesn't match image C:\Users\valve\Desktop\Unity\TFG\TFG_Fatum\FatumPrototype\Library\ScriptAssemblies\Unity.Timeline.Editor.dll
Symbol file LoadedFromMemory is not a mono symbol file
Symbol file data-0000029AF4CE3230 doesn't match image C:\Users\valve\Desktop\Unity\TFG\TFG_Fatum\FatumPrototype\Library\ScriptAssemblies\Unity.Timeline.dll
Symbol file LoadedFromMemory is not a mono symbol file
Symbol file data-0000029AF5DCA270 doesn't match image C:\Users\valve\Desktop\Unity\TFG\TFG_Fatum\FatumPrototype\Library\ScriptAssemblies\Unity.RenderPipelines.ShaderGraph.ShaderGraphLibrary.dll
Symbol file LoadedFromMemory is not a mono symbol file
Symbol file data-0000029AEFFF53A0 doesn't match image C:\Users\valve\Desktop\Unity\TFG\TFG_Fatum\FatumPrototype\Library\ScriptAssemblies\Unity.TextMeshPro.dll
Symbol file LoadedFromMemory is not a mono symbol file
Symbol file data-0000029AF49F6030 doesn't match image C:\Users\valve\Desktop\Unity\TFG\TFG_Fatum\FatumPrototype\Library\ScriptAssemblies\Unity.CollabProxy.Editor.dll
Symbol file LoadedFromMemory is not a mono symbol file
Symbol file data-0000029AEFB864E0 doesn't match image C:\Users\valve\Desktop\Unity\TFG\TFG_Fatum\FatumPrototype\Library\ScriptAssemblies\Unity.Mathematics.Editor.dll
Symbol file LoadedFromMemory is not a mono symbol file
Symbol file data-0000029AF057DA60 doesn't match image C:\Users\valve\Desktop\Unity\TFG\TFG_Fatum\FatumPrototype\Library\ScriptAssemblies\Unity.Searcher.Editor.dll
Symbol file LoadedFromMemory is not a mono symbol file
Symbol file data-0000029AF4A94A30 doesn't match image C:\Users\valve\Desktop\Unity\TFG\TFG_Fatum\FatumPrototype\Library\ScriptAssemblies\UnityEditor.TestRunner.dll
Symbol file LoadedFromMemory is not a mono symbol file
Symbol file data-0000029AF0135160 doesn't match image C:\Users\valve\Desktop\Unity\TFG\TFG_Fatum\FatumPrototype\Library\ScriptAssemblies\Unity.RenderPipelines.Core.Runtime.dll
Symbol file LoadedFromMemory is not a mono symbol file
Symbol file data-0000029AF01E35A0 doesn't match image C:\Users\valve\Desktop\Unity\TFG\TFG_Fatum\FatumPrototype\Library\ScriptAssemblies\Unity.ShaderGraph.Utilities.dll
Symbol file LoadedFromMemory is not a mono symbol file
Symbol file data-0000029AF4796D20 doesn't match image C:\Users\valve\Desktop\Unity\TFG\TFG_Fatum\FatumPrototype\Library\ScriptAssemblies\Unity.Rider.Editor.dll
Symbol file LoadedFromMemory is not a mono symbol file
Symbol file data-0000029AF5DCAC20 doesn't match image C:\Users\valve\Desktop\Unity\TFG\TFG_Fatum\FatumPrototype\Library\ScriptAssemblies\Unity.RenderPipelines.Core.ShaderLibrary.dll
Symbol file LoadedFromMemory is not a mono symbol file
Symbol file data-0000029AF4EEF910 doesn't match image C:\Users\valve\Desktop\Unity\TFG\TFG_Fatum\FatumPrototype\Library\ScriptAssemblies\Unity.RenderPipelines.Core.Editor.dll
Symbol file LoadedFromMemory is not a mono symbol file
Symbol file data-0000029AF53AF030 doesn't match image C:\Users\valve\Desktop\Unity\TFG\TFG_Fatum\FatumPrototype\Library\ScriptAssemblies\Unity.Mathematics.dll
Symbol file LoadedFromMemory is not a mono symbol file
Native extension for WindowsStandalone target not found
Native extension for WebGL target not found
Refreshing native plugins compatible for Editor in 44.94 ms, found 0 plugins.
Preloading 0 native plugins for Editor in 0.00 ms.
Invoked RoslynAnalysisRunner static constructor.
RoslynAnalysisRunner will not be running.
RoslynAnalysisRunner has terminated.
Mono: successfully reloaded assembly
- Completed reload, in  0.705 seconds
Platform modules already initialized, skipping
========================================================================
Worker process is ready to serve import requests
Shader 'Universal Render Pipeline/Particles/Lit': fallback shader 'Universal Render Pipeline/Particles/SimpleLit' not found
Launched and connected shader compiler UnityShaderCompiler.exe after 0.03 seconds
Refreshing native plugins compatible for Editor in 0.47 ms, found 0 plugins.
Preloading 0 native plugins for Editor in 0.00 ms.
Unloading 2647 Unused Serialized files (Serialized files now loaded: 0)
System memory in use before: 163.0 MB.
System memory in use after: 162.1 MB.

Unloading 30 unused Assets to reduce memory usage. Loaded Objects now: 3115.
Total: 2.523700 ms (FindLiveObjects: 0.202100 ms CreateObjectMapping: 0.087300 ms MarkObjects: 1.690200 ms  DeleteObjects: 0.543200 ms)

========================================================================
Received Import Request.
  path: Assets/UI/fatum Logo.png
  artifactKey: Guid(4575d05cdd676644d8582c31665ac06c) Importer(815301076,1909f56bfc062723c751e8b465ee728b)
Start importing Assets/UI/fatum Logo.png using Guid(4575d05cdd676644d8582c31665ac06c) Importer(815301076,1909f56bfc062723c751e8b465ee728b)  -> (artifact id: '0581b2c575f3abe1415d0c7b8b5f5f13') in 0.050398 seconds
  Import took 0.053909 seconds .

========================================================================
Received Import Request.
  Time since last request: 11.908064 seconds.
  path: Assets/UI/fatum Logo.png
  artifactKey: Guid(4575d05cdd676644d8582c31665ac06c) Importer(815301076,1909f56bfc062723c751e8b465ee728b)
Start importing Assets/UI/fatum Logo.png using Guid(4575d05cdd676644d8582c31665ac06c) Importer(815301076,1909f56bfc062723c751e8b465ee728b)  -> (artifact id: '0581b2c575f3abe1415d0c7b8b5f5f13') in 0.014018 seconds
  Import took 0.017769 seconds .

========================================================================
Received Prepare
Shader 'Universal Render Pipeline/Particles/Lit': fallback shader 'Universal Render Pipeline/Particles/SimpleLit' not found
Refreshing native plugins compatible for Editor in 1.09 ms, found 0 plugins.
Preloading 0 native plugins for Editor in 0.00 ms.
Unloading 22 Unused Serialized files (Serialized files now loaded: 0)
System memory in use before: 106.4 MB.
System memory in use after: 105.6 MB.

Unloading 22 unused Assets to reduce memory usage. Loaded Objects now: 3117.
Total: 2.712700 ms (FindLiveObjects: 0.239700 ms CreateObjectMapping: 0.046600 ms MarkObjects: 1.893800 ms  DeleteObjects: 0.531800 ms)

========================================================================
Received Import Request.
  Time since last request: 39.270899 seconds.
  path: Assets/UI/fatum Logo.png
  artifactKey: Guid(4575d05cdd676644d8582c31665ac06c) Importer(815301076,1909f56bfc062723c751e8b465ee728b)
Start importing Assets/UI/fatum Logo.png using Guid(4575d05cdd676644d8582c31665ac06c) Importer(815301076,1909f56bfc062723c751e8b465ee728b)  -> (artifact id: 'c75e28474268623723115199b5484dda') in 0.093444 seconds
  Import took 0.097659 seconds .

========================================================================
Received Import Request.
  Time since last request: 0.187582 seconds.
  path: Assets/UI/fatum Logo.png
  artifactKey: Guid(4575d05cdd676644d8582c31665ac06c) Importer(815301076,1909f56bfc062723c751e8b465ee728b)
Start importing Assets/UI/fatum Logo.png using Guid(4575d05cdd676644d8582c31665ac06c) Importer(815301076,1909f56bfc062723c751e8b465ee728b)  -> (artifact id: 'c75e28474268623723115199b5484dda') in 0.013017 seconds
  Import took 0.016737 seconds .

AssetImportWorkerClient::OnTransportError - code=2 error=End of file
