Using pre-set license
Built from '2020.3/staging' branch; Version is '2020.3.3f1 (76626098c1c4) revision 7758432'; Using compiler version '192528614'; Build Type 'Release'
OS: 'Windows 10 Home; OS build 19043.1586; Version 2009; 64bit' Language: 'es' Physical Memory: 16085 MB
BatchMode: 1, IsHumanControllingUs: 0, StartBugReporterOnCrash: 0, Is64bit: 1, IsPro: 0

 COMMAND LINE ARGUMENTS:
C:\Program Files\Unity\Hub\Editor\2020.3.3f1\Editor\Unity.exe
-adb2
-batchMode
-noUpm
-name
AssetImportWorker0
-projectPath
C:/Users/valve/Desktop/Unity/FatumPrototype
-logFile
Logs/AssetImportWorker0.log
-srvPort
53354
Successfully changed project path to: C:/Users/valve/Desktop/Unity/FatumPrototype
C:/Users/valve/Desktop/Unity/FatumPrototype
Using Asset Import Pipeline V2.
Refreshing native plugins compatible for Editor in 33.33 ms, found 0 plugins.
Preloading 0 native plugins for Editor in 0.00 ms.
Initialize engine version: 2020.3.3f1 (76626098c1c4)
[Subsystems] Discovering subsystems at path C:/Program Files/Unity/Hub/Editor/2020.3.3f1/Editor/Data/Resources/UnitySubsystems
[Subsystems] Discovering subsystems at path C:/Users/valve/Desktop/Unity/FatumPrototype/Assets
GfxDevice: creating device client; threaded=0
Direct3D:
    Version:  Direct3D 11.0 [level 11.1]
    Renderer: NVIDIA GeForce RTX 3070 Laptop GPU (ID=0x249d)
    Vendor:   
    VRAM:     8044 MB
    Driver:   30.0.15.1179
Initialize mono
Mono path[0] = 'C:/Program Files/Unity/Hub/Editor/2020.3.3f1/Editor/Data/Managed'
Mono path[1] = 'C:/Program Files/Unity/Hub/Editor/2020.3.3f1/Editor/Data/MonoBleedingEdge/lib/mono/unityjit'
Mono config path = 'C:/Program Files/Unity/Hub/Editor/2020.3.3f1/Editor/Data/MonoBleedingEdge/etc'
Using monoOptions --debugger-agent=transport=dt_socket,embedding=1,server=y,suspend=n,address=127.0.0.1:56448
Begin MonoManager ReloadAssembly
Registering precompiled unity dll's ...
Register platform support module: C:/Program Files/Unity/Hub/Editor/2020.3.3f1/Editor/Data/PlaybackEngines/WebGLSupport/UnityEditor.WebGL.Extensions.dll
Register platform support module: C:/Program Files/Unity/Hub/Editor/2020.3.3f1/Editor/Data/PlaybackEngines/WindowsStandaloneSupport/UnityEditor.WindowsStandalone.Extensions.dll
Registered in 0.001684 seconds.
Native extension for WindowsStandalone target not found
Native extension for WebGL target not found
Refreshing native plugins compatible for Editor in 36.79 ms, found 0 plugins.
Preloading 0 native plugins for Editor in 0.00 ms.
Invoked RoslynAnalysisRunner static constructor.
RoslynAnalysisRunner will not be running.
RoslynAnalysisRunner has terminated.
Mono: successfully reloaded assembly
- Completed reload, in  1.507 seconds
Platform modules already initialized, skipping
Registering precompiled user dll's ...
Registered in 0.001319 seconds.
Begin MonoManager ReloadAssembly
Native extension for WindowsStandalone target not found
Native extension for WebGL target not found
Refreshing native plugins compatible for Editor in 37.00 ms, found 0 plugins.
Preloading 0 native plugins for Editor in 0.00 ms.
Invoked RoslynAnalysisRunner static constructor.
RoslynAnalysisRunner will not be running.
RoslynAnalysisRunner has terminated.
Mono: successfully reloaded assembly
- Completed reload, in  0.733 seconds
Platform modules already initialized, skipping
========================================================================
Worker process is ready to serve import requests
Shader 'Universal Render Pipeline/Particles/Lit': fallback shader 'Universal Render Pipeline/Particles/SimpleLit' not found
Shader 'Universal Render Pipeline/Particles/Lit': fallback shader 'Universal Render Pipeline/Particles/SimpleLit' not found
Launched and connected shader compiler UnityShaderCompiler.exe after 0.03 seconds
Refreshing native plugins compatible for Editor in 0.39 ms, found 0 plugins.
Preloading 0 native plugins for Editor in 0.00 ms.
Unloading 2577 Unused Serialized files (Serialized files now loaded: 0)
System memory in use before: 119.9 MB.
System memory in use after: 117.1 MB.

Unloading 46 unused Assets to reduce memory usage. Loaded Objects now: 2986.
Total: 2.809100 ms (FindLiveObjects: 0.173800 ms CreateObjectMapping: 0.053500 ms MarkObjects: 1.527300 ms  DeleteObjects: 1.053700 ms)

========================================================================
Received Import Request.
  path: Assets/Scripts/Inventory/InventoryManager.cs
  artifactKey: Guid(6f8e3e7bfbe6b1a4ca031e90a1a9f919) Importer(815301076,1909f56bfc062723c751e8b465ee728b)
Start importing Assets/Scripts/Inventory/InventoryManager.cs using Guid(6f8e3e7bfbe6b1a4ca031e90a1a9f919) Importer(815301076,1909f56bfc062723c751e8b465ee728b)  -> (artifact id: 'ebaf2a8f9bb85d1c71bb2b4859207beb') in 0.025828 seconds
  Import took 0.029029 seconds .

========================================================================
Received Prepare
Shader 'Universal Render Pipeline/Particles/Lit': fallback shader 'Universal Render Pipeline/Particles/SimpleLit' not found
Shader 'Universal Render Pipeline/Particles/Lit': fallback shader 'Universal Render Pipeline/Particles/SimpleLit' not found
Refreshing native plugins compatible for Editor in 0.94 ms, found 0 plugins.
Preloading 0 native plugins for Editor in 0.00 ms.
Unloading 38 Unused Serialized files (Serialized files now loaded: 0)
System memory in use before: 67.2 MB.
System memory in use after: 64.4 MB.

Unloading 38 unused Assets to reduce memory usage. Loaded Objects now: 2986.
Total: 4.324200 ms (FindLiveObjects: 0.185800 ms CreateObjectMapping: 0.059800 ms MarkObjects: 2.762300 ms  DeleteObjects: 1.315500 ms)

========================================================================
Received Prepare
Registering precompiled user dll's ...
Registered in 0.001405 seconds.
Begin MonoManager ReloadAssembly
Native extension for WindowsStandalone target not found
Native extension for WebGL target not found
Refreshing native plugins compatible for Editor in 0.37 ms, found 0 plugins.
Preloading 0 native plugins for Editor in 0.00 ms.
Invoked RoslynAnalysisRunner static constructor.
RoslynAnalysisRunner will not be running.
RoslynAnalysisRunner has terminated.
Mono: successfully reloaded assembly
- Completed reload, in  0.619 seconds
Platform modules already initialized, skipping
Shader 'Universal Render Pipeline/Particles/Lit': fallback shader 'Universal Render Pipeline/Particles/SimpleLit' not found
Shader 'Universal Render Pipeline/Particles/Lit': fallback shader 'Universal Render Pipeline/Particles/SimpleLit' not found
Refreshing native plugins compatible for Editor in 0.37 ms, found 0 plugins.
Preloading 0 native plugins for Editor in 0.00 ms.
Unloading 2500 Unused Serialized files (Serialized files now loaded: 0)
System memory in use before: 116.1 MB.
System memory in use after: 113.4 MB.

Unloading 41 unused Assets to reduce memory usage. Loaded Objects now: 2989.
Total: 2.962600 ms (FindLiveObjects: 0.168500 ms CreateObjectMapping: 0.055700 ms MarkObjects: 1.585000 ms  DeleteObjects: 1.152400 ms)

========================================================================
Received Prepare
Registering precompiled user dll's ...
Registered in 0.000967 seconds.
Begin MonoManager ReloadAssembly
Native extension for WindowsStandalone target not found
Native extension for WebGL target not found
Refreshing native plugins compatible for Editor in 0.37 ms, found 0 plugins.
Preloading 0 native plugins for Editor in 0.00 ms.
Invoked RoslynAnalysisRunner static constructor.
RoslynAnalysisRunner will not be running.
RoslynAnalysisRunner has terminated.
Mono: successfully reloaded assembly
- Completed reload, in  0.613 seconds
Platform modules already initialized, skipping
Shader 'Universal Render Pipeline/Particles/Lit': fallback shader 'Universal Render Pipeline/Particles/SimpleLit' not found
Shader 'Universal Render Pipeline/Particles/Lit': fallback shader 'Universal Render Pipeline/Particles/SimpleLit' not found
Refreshing native plugins compatible for Editor in 0.38 ms, found 0 plugins.
Preloading 0 native plugins for Editor in 0.00 ms.
Unloading 2500 Unused Serialized files (Serialized files now loaded: 0)
System memory in use before: 116.2 MB.
System memory in use after: 113.5 MB.

Unloading 41 unused Assets to reduce memory usage. Loaded Objects now: 2992.
Total: 3.064400 ms (FindLiveObjects: 0.195200 ms CreateObjectMapping: 0.056200 ms MarkObjects: 1.574200 ms  DeleteObjects: 1.237800 ms)

========================================================================
Received Import Request.
  Time since last request: 61.856626 seconds.
  path: Assets/Scripts/PlayerController.cs
  artifactKey: Guid(aa432c894cd53e840869b666b7403ace) Importer(815301076,1909f56bfc062723c751e8b465ee728b)
Start importing Assets/Scripts/PlayerController.cs using Guid(aa432c894cd53e840869b666b7403ace) Importer(815301076,1909f56bfc062723c751e8b465ee728b)  -> (artifact id: '9c582d58357d94bd17260cffe8edaef3') in 0.008323 seconds
  Import took 0.011546 seconds .

========================================================================
Received Prepare
Registering precompiled user dll's ...
Registered in 0.000987 seconds.
Begin MonoManager ReloadAssembly
Native extension for WindowsStandalone target not found
Native extension for WebGL target not found
Refreshing native plugins compatible for Editor in 0.40 ms, found 0 plugins.
Preloading 0 native plugins for Editor in 0.00 ms.
Invoked RoslynAnalysisRunner static constructor.
RoslynAnalysisRunner will not be running.
RoslynAnalysisRunner has terminated.
Mono: successfully reloaded assembly
- Completed reload, in  0.608 seconds
Platform modules already initialized, skipping
Shader 'Universal Render Pipeline/Particles/Lit': fallback shader 'Universal Render Pipeline/Particles/SimpleLit' not found
Shader 'Universal Render Pipeline/Particles/Lit': fallback shader 'Universal Render Pipeline/Particles/SimpleLit' not found
Refreshing native plugins compatible for Editor in 0.38 ms, found 0 plugins.
Preloading 0 native plugins for Editor in 0.00 ms.
Unloading 2500 Unused Serialized files (Serialized files now loaded: 0)
System memory in use before: 116.2 MB.
System memory in use after: 113.5 MB.

Unloading 41 unused Assets to reduce memory usage. Loaded Objects now: 2995.
Total: 2.940400 ms (FindLiveObjects: 0.179200 ms CreateObjectMapping: 0.050800 ms MarkObjects: 1.469200 ms  DeleteObjects: 1.240500 ms)

========================================================================
Received Import Request.
  Time since last request: 71.064795 seconds.
  path: Assets/Scripts/FollowPlayer.cs
  artifactKey: Guid(57dc787bd53c20341899cfaf64ad6905) Importer(815301076,1909f56bfc062723c751e8b465ee728b)
Start importing Assets/Scripts/FollowPlayer.cs using Guid(57dc787bd53c20341899cfaf64ad6905) Importer(815301076,1909f56bfc062723c751e8b465ee728b)  -> (artifact id: '273410ef5fccb1e91741b9ebea42bc52') in 0.010147 seconds
  Import took 0.014016 seconds .

========================================================================
Received Import Request.
  Time since last request: 0.001792 seconds.
  path: Assets/Scripts/FollowPlayer.cs
  artifactKey: Guid(57dc787bd53c20341899cfaf64ad6905) Importer(815301076,1909f56bfc062723c751e8b465ee728b)
Start importing Assets/Scripts/FollowPlayer.cs using Guid(57dc787bd53c20341899cfaf64ad6905) Importer(815301076,1909f56bfc062723c751e8b465ee728b)  -> (artifact id: '273410ef5fccb1e91741b9ebea42bc52') in 0.002652 seconds
  Import took 0.005885 seconds .

========================================================================
Received Import Request.
  Time since last request: 5.936399 seconds.
  path: Assets/Scripts/PlayerResources.cs
  artifactKey: Guid(eb867e463518cbd438b0b5bea1c8b2be) Importer(815301076,1909f56bfc062723c751e8b465ee728b)
Start importing Assets/Scripts/PlayerResources.cs using Guid(eb867e463518cbd438b0b5bea1c8b2be) Importer(815301076,1909f56bfc062723c751e8b465ee728b)  -> (artifact id: '07d2c9f0da9b7b71dca30d1ed854607a') in 0.006415 seconds
  Import took 0.010194 seconds .

========================================================================
Received Prepare
Registering precompiled user dll's ...
Registered in 0.001027 seconds.
Begin MonoManager ReloadAssembly
Native extension for WindowsStandalone target not found
Native extension for WebGL target not found
Refreshing native plugins compatible for Editor in 0.42 ms, found 0 plugins.
Preloading 0 native plugins for Editor in 0.00 ms.
Invoked RoslynAnalysisRunner static constructor.
RoslynAnalysisRunner will not be running.
RoslynAnalysisRunner has terminated.
Mono: successfully reloaded assembly
- Completed reload, in  0.649 seconds
Platform modules already initialized, skipping
Shader 'Universal Render Pipeline/Particles/Lit': fallback shader 'Universal Render Pipeline/Particles/SimpleLit' not found
Shader 'Universal Render Pipeline/Particles/Lit': fallback shader 'Universal Render Pipeline/Particles/SimpleLit' not found
Refreshing native plugins compatible for Editor in 0.38 ms, found 0 plugins.
Preloading 0 native plugins for Editor in 0.00 ms.
Unloading 2500 Unused Serialized files (Serialized files now loaded: 0)
System memory in use before: 116.2 MB.
System memory in use after: 113.5 MB.

Unloading 41 unused Assets to reduce memory usage. Loaded Objects now: 2998.
Total: 3.028900 ms (FindLiveObjects: 0.169200 ms CreateObjectMapping: 0.060100 ms MarkObjects: 1.469100 ms  DeleteObjects: 1.329500 ms)

========================================================================
Received Prepare
Registering precompiled user dll's ...
Registered in 0.001069 seconds.
Begin MonoManager ReloadAssembly
Native extension for WindowsStandalone target not found
Native extension for WebGL target not found
Refreshing native plugins compatible for Editor in 0.40 ms, found 0 plugins.
Preloading 0 native plugins for Editor in 0.00 ms.
Invoked RoslynAnalysisRunner static constructor.
RoslynAnalysisRunner will not be running.
RoslynAnalysisRunner has terminated.
Mono: successfully reloaded assembly
- Completed reload, in  0.604 seconds
Platform modules already initialized, skipping
Shader 'Universal Render Pipeline/Particles/Lit': fallback shader 'Universal Render Pipeline/Particles/SimpleLit' not found
Shader 'Universal Render Pipeline/Particles/Lit': fallback shader 'Universal Render Pipeline/Particles/SimpleLit' not found
Refreshing native plugins compatible for Editor in 0.38 ms, found 0 plugins.
Preloading 0 native plugins for Editor in 0.00 ms.
Unloading 2500 Unused Serialized files (Serialized files now loaded: 0)
System memory in use before: 116.1 MB.
System memory in use after: 113.4 MB.

Unloading 41 unused Assets to reduce memory usage. Loaded Objects now: 3001.
Total: 3.135800 ms (FindLiveObjects: 0.151700 ms CreateObjectMapping: 0.052500 ms MarkObjects: 1.531600 ms  DeleteObjects: 1.398800 ms)

========================================================================
Received Prepare
Registering precompiled user dll's ...
Registered in 0.001105 seconds.
Begin MonoManager ReloadAssembly
Native extension for WindowsStandalone target not found
Native extension for WebGL target not found
Refreshing native plugins compatible for Editor in 0.37 ms, found 0 plugins.
Preloading 0 native plugins for Editor in 0.00 ms.
Invoked RoslynAnalysisRunner static constructor.
RoslynAnalysisRunner will not be running.
RoslynAnalysisRunner has terminated.
Mono: successfully reloaded assembly
- Completed reload, in  0.615 seconds
Platform modules already initialized, skipping
Shader 'Universal Render Pipeline/Particles/Lit': fallback shader 'Universal Render Pipeline/Particles/SimpleLit' not found
Shader 'Universal Render Pipeline/Particles/Lit': fallback shader 'Universal Render Pipeline/Particles/SimpleLit' not found
Refreshing native plugins compatible for Editor in 0.39 ms, found 0 plugins.
Preloading 0 native plugins for Editor in 0.00 ms.
Unloading 2500 Unused Serialized files (Serialized files now loaded: 0)
System memory in use before: 116.3 MB.
System memory in use after: 113.5 MB.

Unloading 41 unused Assets to reduce memory usage. Loaded Objects now: 3004.
Total: 3.195300 ms (FindLiveObjects: 0.162400 ms CreateObjectMapping: 0.064400 ms MarkObjects: 1.589200 ms  DeleteObjects: 1.378600 ms)

========================================================================
Received Prepare
Registering precompiled user dll's ...
Registered in 0.000955 seconds.
Begin MonoManager ReloadAssembly
Native extension for WindowsStandalone target not found
Native extension for WebGL target not found
Refreshing native plugins compatible for Editor in 0.45 ms, found 0 plugins.
Preloading 0 native plugins for Editor in 0.00 ms.
Invoked RoslynAnalysisRunner static constructor.
RoslynAnalysisRunner will not be running.
RoslynAnalysisRunner has terminated.
Mono: successfully reloaded assembly
- Completed reload, in  0.612 seconds
Platform modules already initialized, skipping
Shader 'Universal Render Pipeline/Particles/Lit': fallback shader 'Universal Render Pipeline/Particles/SimpleLit' not found
Shader 'Universal Render Pipeline/Particles/Lit': fallback shader 'Universal Render Pipeline/Particles/SimpleLit' not found
Refreshing native plugins compatible for Editor in 0.39 ms, found 0 plugins.
Preloading 0 native plugins for Editor in 0.00 ms.
Unloading 2500 Unused Serialized files (Serialized files now loaded: 0)
System memory in use before: 116.2 MB.
System memory in use after: 113.5 MB.

Unloading 41 unused Assets to reduce memory usage. Loaded Objects now: 3007.
Total: 2.953500 ms (FindLiveObjects: 0.164000 ms CreateObjectMapping: 0.057000 ms MarkObjects: 1.412800 ms  DeleteObjects: 1.318800 ms)

========================================================================
Received Prepare
Registering precompiled user dll's ...
Registered in 0.001025 seconds.
Begin MonoManager ReloadAssembly
Native extension for WindowsStandalone target not found
Native extension for WebGL target not found
Refreshing native plugins compatible for Editor in 0.42 ms, found 0 plugins.
Preloading 0 native plugins for Editor in 0.00 ms.
Invoked RoslynAnalysisRunner static constructor.
RoslynAnalysisRunner will not be running.
RoslynAnalysisRunner has terminated.
Mono: successfully reloaded assembly
- Completed reload, in  0.601 seconds
Platform modules already initialized, skipping
Shader 'Universal Render Pipeline/Particles/Lit': fallback shader 'Universal Render Pipeline/Particles/SimpleLit' not found
Shader 'Universal Render Pipeline/Particles/Lit': fallback shader 'Universal Render Pipeline/Particles/SimpleLit' not found
Refreshing native plugins compatible for Editor in 0.38 ms, found 0 plugins.
Preloading 0 native plugins for Editor in 0.00 ms.
Unloading 2500 Unused Serialized files (Serialized files now loaded: 0)
System memory in use before: 116.2 MB.
System memory in use after: 113.5 MB.

Unloading 41 unused Assets to reduce memory usage. Loaded Objects now: 3010.
Total: 2.961100 ms (FindLiveObjects: 0.163000 ms CreateObjectMapping: 0.050600 ms MarkObjects: 1.433100 ms  DeleteObjects: 1.313700 ms)

========================================================================
Received Prepare
Registering precompiled user dll's ...
Registered in 0.001035 seconds.
Begin MonoManager ReloadAssembly
Native extension for WindowsStandalone target not found
Native extension for WebGL target not found
Refreshing native plugins compatible for Editor in 0.40 ms, found 0 plugins.
Preloading 0 native plugins for Editor in 0.00 ms.
Invoked RoslynAnalysisRunner static constructor.
RoslynAnalysisRunner will not be running.
RoslynAnalysisRunner has terminated.
Mono: successfully reloaded assembly
- Completed reload, in  0.611 seconds
Platform modules already initialized, skipping
Shader 'Universal Render Pipeline/Particles/Lit': fallback shader 'Universal Render Pipeline/Particles/SimpleLit' not found
Shader 'Universal Render Pipeline/Particles/Lit': fallback shader 'Universal Render Pipeline/Particles/SimpleLit' not found
Refreshing native plugins compatible for Editor in 0.65 ms, found 0 plugins.
Preloading 0 native plugins for Editor in 0.00 ms.
Unloading 2500 Unused Serialized files (Serialized files now loaded: 0)
System memory in use before: 116.2 MB.
System memory in use after: 113.5 MB.

Unloading 41 unused Assets to reduce memory usage. Loaded Objects now: 3013.
Total: 5.773100 ms (FindLiveObjects: 0.343000 ms CreateObjectMapping: 0.103900 ms MarkObjects: 2.990600 ms  DeleteObjects: 2.333500 ms)

========================================================================
Received Prepare
Registering precompiled user dll's ...
Registered in 0.001092 seconds.
Begin MonoManager ReloadAssembly
Native extension for WindowsStandalone target not found
Native extension for WebGL target not found
Refreshing native plugins compatible for Editor in 0.39 ms, found 0 plugins.
Preloading 0 native plugins for Editor in 0.00 ms.
Invoked RoslynAnalysisRunner static constructor.
RoslynAnalysisRunner will not be running.
RoslynAnalysisRunner has terminated.
Mono: successfully reloaded assembly
- Completed reload, in  0.609 seconds
Platform modules already initialized, skipping
Shader 'Universal Render Pipeline/Particles/Lit': fallback shader 'Universal Render Pipeline/Particles/SimpleLit' not found
Shader 'Universal Render Pipeline/Particles/Lit': fallback shader 'Universal Render Pipeline/Particles/SimpleLit' not found
Refreshing native plugins compatible for Editor in 0.38 ms, found 0 plugins.
Preloading 0 native plugins for Editor in 0.00 ms.
Unloading 2500 Unused Serialized files (Serialized files now loaded: 0)
System memory in use before: 116.2 MB.
System memory in use after: 113.5 MB.

Unloading 41 unused Assets to reduce memory usage. Loaded Objects now: 3016.
Total: 3.291400 ms (FindLiveObjects: 0.163300 ms CreateObjectMapping: 0.046900 ms MarkObjects: 1.638500 ms  DeleteObjects: 1.442000 ms)

========================================================================
Received Prepare
Registering precompiled user dll's ...
Registered in 0.001309 seconds.
Begin MonoManager ReloadAssembly
Native extension for WindowsStandalone target not found
Native extension for WebGL target not found
Refreshing native plugins compatible for Editor in 0.38 ms, found 0 plugins.
Preloading 0 native plugins for Editor in 0.00 ms.
Invoked RoslynAnalysisRunner static constructor.
RoslynAnalysisRunner will not be running.
RoslynAnalysisRunner has terminated.
Mono: successfully reloaded assembly
- Completed reload, in  0.606 seconds
Platform modules already initialized, skipping
Shader 'Universal Render Pipeline/Particles/Lit': fallback shader 'Universal Render Pipeline/Particles/SimpleLit' not found
Shader 'Universal Render Pipeline/Particles/Lit': fallback shader 'Universal Render Pipeline/Particles/SimpleLit' not found
Refreshing native plugins compatible for Editor in 0.38 ms, found 0 plugins.
Preloading 0 native plugins for Editor in 0.00 ms.
Unloading 2500 Unused Serialized files (Serialized files now loaded: 0)
System memory in use before: 116.3 MB.
System memory in use after: 113.6 MB.

Unloading 41 unused Assets to reduce memory usage. Loaded Objects now: 3019.
Total: 3.136400 ms (FindLiveObjects: 0.178200 ms CreateObjectMapping: 0.054400 ms MarkObjects: 1.522000 ms  DeleteObjects: 1.380500 ms)

========================================================================
Received Prepare
Registering precompiled user dll's ...
Registered in 0.001080 seconds.
Begin MonoManager ReloadAssembly
Native extension for WindowsStandalone target not found
Native extension for WebGL target not found
Refreshing native plugins compatible for Editor in 0.38 ms, found 0 plugins.
Preloading 0 native plugins for Editor in 0.00 ms.
Invoked RoslynAnalysisRunner static constructor.
RoslynAnalysisRunner will not be running.
RoslynAnalysisRunner has terminated.
Mono: successfully reloaded assembly
- Completed reload, in  0.611 seconds
Platform modules already initialized, skipping
Shader 'Universal Render Pipeline/Particles/Lit': fallback shader 'Universal Render Pipeline/Particles/SimpleLit' not found
Shader 'Universal Render Pipeline/Particles/Lit': fallback shader 'Universal Render Pipeline/Particles/SimpleLit' not found
Refreshing native plugins compatible for Editor in 0.39 ms, found 0 plugins.
Preloading 0 native plugins for Editor in 0.00 ms.
Unloading 2500 Unused Serialized files (Serialized files now loaded: 0)
System memory in use before: 116.3 MB.
System memory in use after: 113.6 MB.

Unloading 41 unused Assets to reduce memory usage. Loaded Objects now: 3022.
Total: 2.901500 ms (FindLiveObjects: 0.167800 ms CreateObjectMapping: 0.054300 ms MarkObjects: 1.408800 ms  DeleteObjects: 1.269700 ms)

========================================================================
Received Prepare
Registering precompiled user dll's ...
Registered in 0.001500 seconds.
Begin MonoManager ReloadAssembly
Native extension for WindowsStandalone target not found
Native extension for WebGL target not found
Refreshing native plugins compatible for Editor in 0.38 ms, found 0 plugins.
Preloading 0 native plugins for Editor in 0.00 ms.
Invoked RoslynAnalysisRunner static constructor.
RoslynAnalysisRunner will not be running.
RoslynAnalysisRunner has terminated.
Mono: successfully reloaded assembly
- Completed reload, in  0.625 seconds
Platform modules already initialized, skipping
Shader 'Universal Render Pipeline/Particles/Lit': fallback shader 'Universal Render Pipeline/Particles/SimpleLit' not found
Shader 'Universal Render Pipeline/Particles/Lit': fallback shader 'Universal Render Pipeline/Particles/SimpleLit' not found
Refreshing native plugins compatible for Editor in 0.38 ms, found 0 plugins.
Preloading 0 native plugins for Editor in 0.00 ms.
Unloading 2500 Unused Serialized files (Serialized files now loaded: 0)
System memory in use before: 116.3 MB.
System memory in use after: 113.6 MB.

Unloading 41 unused Assets to reduce memory usage. Loaded Objects now: 3025.
Total: 3.167500 ms (FindLiveObjects: 0.186600 ms CreateObjectMapping: 0.056500 ms MarkObjects: 1.576300 ms  DeleteObjects: 1.347000 ms)

========================================================================
Received Prepare
Registering precompiled user dll's ...
Registered in 0.001013 seconds.
Begin MonoManager ReloadAssembly
Native extension for WindowsStandalone target not found
Native extension for WebGL target not found
Refreshing native plugins compatible for Editor in 0.38 ms, found 0 plugins.
Preloading 0 native plugins for Editor in 0.00 ms.
Invoked RoslynAnalysisRunner static constructor.
RoslynAnalysisRunner will not be running.
RoslynAnalysisRunner has terminated.
Mono: successfully reloaded assembly
- Completed reload, in  0.609 seconds
Platform modules already initialized, skipping
Shader 'Universal Render Pipeline/Particles/Lit': fallback shader 'Universal Render Pipeline/Particles/SimpleLit' not found
Shader 'Universal Render Pipeline/Particles/Lit': fallback shader 'Universal Render Pipeline/Particles/SimpleLit' not found
Refreshing native plugins compatible for Editor in 0.39 ms, found 0 plugins.
Preloading 0 native plugins for Editor in 0.00 ms.
Unloading 2500 Unused Serialized files (Serialized files now loaded: 0)
System memory in use before: 116.3 MB.
System memory in use after: 113.6 MB.

Unloading 41 unused Assets to reduce memory usage. Loaded Objects now: 3028.
Total: 3.199800 ms (FindLiveObjects: 0.183700 ms CreateObjectMapping: 0.056200 ms MarkObjects: 1.537200 ms  DeleteObjects: 1.421500 ms)

========================================================================
Received Prepare
Registering precompiled user dll's ...
Registered in 0.001074 seconds.
Begin MonoManager ReloadAssembly
Native extension for WindowsStandalone target not found
Native extension for WebGL target not found
Refreshing native plugins compatible for Editor in 0.38 ms, found 0 plugins.
Preloading 0 native plugins for Editor in 0.00 ms.
Invoked RoslynAnalysisRunner static constructor.
RoslynAnalysisRunner will not be running.
RoslynAnalysisRunner has terminated.
Mono: successfully reloaded assembly
- Completed reload, in  0.611 seconds
Platform modules already initialized, skipping
Shader 'Universal Render Pipeline/Particles/Lit': fallback shader 'Universal Render Pipeline/Particles/SimpleLit' not found
Shader 'Universal Render Pipeline/Particles/Lit': fallback shader 'Universal Render Pipeline/Particles/SimpleLit' not found
Refreshing native plugins compatible for Editor in 0.38 ms, found 0 plugins.
Preloading 0 native plugins for Editor in 0.00 ms.
Unloading 2500 Unused Serialized files (Serialized files now loaded: 0)
System memory in use before: 116.2 MB.
System memory in use after: 113.5 MB.

Unloading 41 unused Assets to reduce memory usage. Loaded Objects now: 3031.
Total: 3.331100 ms (FindLiveObjects: 0.231700 ms CreateObjectMapping: 0.056200 ms MarkObjects: 1.635400 ms  DeleteObjects: 1.406600 ms)

========================================================================
Received Prepare
Registering precompiled user dll's ...
Registered in 0.001106 seconds.
Begin MonoManager ReloadAssembly
Native extension for WindowsStandalone target not found
Native extension for WebGL target not found
Refreshing native plugins compatible for Editor in 0.37 ms, found 0 plugins.
Preloading 0 native plugins for Editor in 0.00 ms.
Invoked RoslynAnalysisRunner static constructor.
RoslynAnalysisRunner will not be running.
RoslynAnalysisRunner has terminated.
Mono: successfully reloaded assembly
- Completed reload, in  0.611 seconds
Platform modules already initialized, skipping
Shader 'Universal Render Pipeline/Particles/Lit': fallback shader 'Universal Render Pipeline/Particles/SimpleLit' not found
Shader 'Universal Render Pipeline/Particles/Lit': fallback shader 'Universal Render Pipeline/Particles/SimpleLit' not found
Refreshing native plugins compatible for Editor in 0.37 ms, found 0 plugins.
Preloading 0 native plugins for Editor in 0.00 ms.
Unloading 2500 Unused Serialized files (Serialized files now loaded: 0)
System memory in use before: 116.3 MB.
System memory in use after: 113.6 MB.

Unloading 41 unused Assets to reduce memory usage. Loaded Objects now: 3034.
Total: 3.042500 ms (FindLiveObjects: 0.169000 ms CreateObjectMapping: 0.055700 ms MarkObjects: 1.465700 ms  DeleteObjects: 1.351400 ms)

========================================================================
Received Import Request.
  Time since last request: 876.822965 seconds.
  path: Assets/Scripts/Skills/Skill.cs
  artifactKey: Guid(f3230257797c7fb47abdf9ecf8558cc1) Importer(815301076,1909f56bfc062723c751e8b465ee728b)
Start importing Assets/Scripts/Skills/Skill.cs using Guid(f3230257797c7fb47abdf9ecf8558cc1) Importer(815301076,1909f56bfc062723c751e8b465ee728b)  -> (artifact id: '2e832ef0ba43f809aa14c36277f25e23') in 0.020698 seconds
  Import took 0.024199 seconds .

========================================================================
Received Import Request.
  Time since last request: 5.615898 seconds.
  path: Assets/Scripts/PlayerResources.cs
  artifactKey: Guid(eb867e463518cbd438b0b5bea1c8b2be) Importer(815301076,1909f56bfc062723c751e8b465ee728b)
Start importing Assets/Scripts/PlayerResources.cs using Guid(eb867e463518cbd438b0b5bea1c8b2be) Importer(815301076,1909f56bfc062723c751e8b465ee728b)  -> (artifact id: '29e5c5a181f7f70b56fab78ee6f57e53') in 0.003809 seconds
  Import took 0.007254 seconds .

========================================================================
Received Import Request.
  Time since last request: 4.888255 seconds.
  path: Assets/Scripts/Inventory/InventoryManager.cs
  artifactKey: Guid(6f8e3e7bfbe6b1a4ca031e90a1a9f919) Importer(815301076,1909f56bfc062723c751e8b465ee728b)
Start importing Assets/Scripts/Inventory/InventoryManager.cs using Guid(6f8e3e7bfbe6b1a4ca031e90a1a9f919) Importer(815301076,1909f56bfc062723c751e8b465ee728b)  -> (artifact id: 'd9c39772127d130fb608dadb2f56d57c') in 0.003963 seconds
  Import took 0.007507 seconds .

========================================================================
Received Import Request.
  Time since last request: 65.819729 seconds.
  path: Assets/Scripts/GameManager.cs
  artifactKey: Guid(1581316cdd68917489e3e16d41b04158) Importer(815301076,1909f56bfc062723c751e8b465ee728b)
Start importing Assets/Scripts/GameManager.cs using Guid(1581316cdd68917489e3e16d41b04158) Importer(815301076,1909f56bfc062723c751e8b465ee728b)  -> (artifact id: '90b12d27aab40675694a553f1d84a6af') in 0.007145 seconds
  Import took 0.011057 seconds .

========================================================================
Received Prepare
Registering precompiled user dll's ...
Registered in 0.000985 seconds.
Begin MonoManager ReloadAssembly
Native extension for WindowsStandalone target not found
Native extension for WebGL target not found
Refreshing native plugins compatible for Editor in 0.38 ms, found 0 plugins.
Preloading 0 native plugins for Editor in 0.00 ms.
Invoked RoslynAnalysisRunner static constructor.
RoslynAnalysisRunner will not be running.
RoslynAnalysisRunner has terminated.
Mono: successfully reloaded assembly
- Completed reload, in  0.602 seconds
Platform modules already initialized, skipping
Shader 'Universal Render Pipeline/Particles/Lit': fallback shader 'Universal Render Pipeline/Particles/SimpleLit' not found
Shader 'Universal Render Pipeline/Particles/Lit': fallback shader 'Universal Render Pipeline/Particles/SimpleLit' not found
Refreshing native plugins compatible for Editor in 0.41 ms, found 0 plugins.
Preloading 0 native plugins for Editor in 0.00 ms.
Unloading 2501 Unused Serialized files (Serialized files now loaded: 0)
System memory in use before: 116.3 MB.
System memory in use after: 113.6 MB.

Unloading 41 unused Assets to reduce memory usage. Loaded Objects now: 3038.
Total: 3.329800 ms (FindLiveObjects: 0.165500 ms CreateObjectMapping: 0.054800 ms MarkObjects: 1.596200 ms  DeleteObjects: 1.512500 ms)

========================================================================
Received Prepare
Registering precompiled user dll's ...
Registered in 0.001068 seconds.
Begin MonoManager ReloadAssembly
Native extension for WindowsStandalone target not found
Native extension for WebGL target not found
Refreshing native plugins compatible for Editor in 0.39 ms, found 0 plugins.
Preloading 0 native plugins for Editor in 0.00 ms.
Invoked RoslynAnalysisRunner static constructor.
RoslynAnalysisRunner will not be running.
RoslynAnalysisRunner has terminated.
Mono: successfully reloaded assembly
- Completed reload, in  0.611 seconds
Platform modules already initialized, skipping
Shader 'Universal Render Pipeline/Particles/Lit': fallback shader 'Universal Render Pipeline/Particles/SimpleLit' not found
Shader 'Universal Render Pipeline/Particles/Lit': fallback shader 'Universal Render Pipeline/Particles/SimpleLit' not found
Refreshing native plugins compatible for Editor in 0.38 ms, found 0 plugins.
Preloading 0 native plugins for Editor in 0.00 ms.
Unloading 2501 Unused Serialized files (Serialized files now loaded: 0)
System memory in use before: 116.3 MB.
System memory in use after: 113.6 MB.

Unloading 41 unused Assets to reduce memory usage. Loaded Objects now: 3041.
Total: 3.098300 ms (FindLiveObjects: 0.165600 ms CreateObjectMapping: 0.059900 ms MarkObjects: 1.514500 ms  DeleteObjects: 1.357700 ms)

========================================================================
Received Prepare
Registering precompiled user dll's ...
Registered in 0.001140 seconds.
Begin MonoManager ReloadAssembly
Native extension for WindowsStandalone target not found
Native extension for WebGL target not found
Refreshing native plugins compatible for Editor in 0.41 ms, found 0 plugins.
Preloading 0 native plugins for Editor in 0.00 ms.
Invoked RoslynAnalysisRunner static constructor.
RoslynAnalysisRunner will not be running.
RoslynAnalysisRunner has terminated.
Mono: successfully reloaded assembly
- Completed reload, in  0.707 seconds
Platform modules already initialized, skipping
Shader 'Universal Render Pipeline/Particles/Lit': fallback shader 'Universal Render Pipeline/Particles/SimpleLit' not found
Shader 'Universal Render Pipeline/Particles/Lit': fallback shader 'Universal Render Pipeline/Particles/SimpleLit' not found
Refreshing native plugins compatible for Editor in 0.56 ms, found 0 plugins.
Preloading 0 native plugins for Editor in 0.00 ms.
Unloading 2501 Unused Serialized files (Serialized files now loaded: 0)
System memory in use before: 116.4 MB.
System memory in use after: 113.6 MB.

Unloading 41 unused Assets to reduce memory usage. Loaded Objects now: 3044.
Total: 3.825200 ms (FindLiveObjects: 0.185300 ms CreateObjectMapping: 0.059400 ms MarkObjects: 1.953900 ms  DeleteObjects: 1.625400 ms)

========================================================================
Received Import Request.
  Time since last request: 148.519252 seconds.
  path: Assets/Scripts/Inventory/InventoryManager.cs
  artifactKey: Guid(6f8e3e7bfbe6b1a4ca031e90a1a9f919) Importer(815301076,1909f56bfc062723c751e8b465ee728b)
Start importing Assets/Scripts/Inventory/InventoryManager.cs using Guid(6f8e3e7bfbe6b1a4ca031e90a1a9f919) Importer(815301076,1909f56bfc062723c751e8b465ee728b)  -> (artifact id: '6353d95180374d25c96e4162608c185a') in 0.005985 seconds
  Import took 0.010354 seconds .

========================================================================
Received Import Request.
  Time since last request: 0.014218 seconds.
  path: Assets/Scripts/Inventory/InventoryManager.cs
  artifactKey: Guid(6f8e3e7bfbe6b1a4ca031e90a1a9f919) Importer(815301076,1909f56bfc062723c751e8b465ee728b)
Start importing Assets/Scripts/Inventory/InventoryManager.cs using Guid(6f8e3e7bfbe6b1a4ca031e90a1a9f919) Importer(815301076,1909f56bfc062723c751e8b465ee728b)  -> (artifact id: '6353d95180374d25c96e4162608c185a') in 0.003383 seconds
  Import took 0.006746 seconds .

========================================================================
Received Prepare
Registering precompiled user dll's ...
Registered in 0.001146 seconds.
Begin MonoManager ReloadAssembly
Native extension for WindowsStandalone target not found
Native extension for WebGL target not found
Refreshing native plugins compatible for Editor in 0.43 ms, found 0 plugins.
Preloading 0 native plugins for Editor in 0.00 ms.
Invoked RoslynAnalysisRunner static constructor.
RoslynAnalysisRunner will not be running.
RoslynAnalysisRunner has terminated.
Mono: successfully reloaded assembly
- Completed reload, in  0.756 seconds
Platform modules already initialized, skipping
Shader 'Universal Render Pipeline/Particles/Lit': fallback shader 'Universal Render Pipeline/Particles/SimpleLit' not found
Shader 'Universal Render Pipeline/Particles/Lit': fallback shader 'Universal Render Pipeline/Particles/SimpleLit' not found
Refreshing native plugins compatible for Editor in 0.63 ms, found 0 plugins.
Preloading 0 native plugins for Editor in 0.00 ms.
Unloading 2501 Unused Serialized files (Serialized files now loaded: 0)
System memory in use before: 116.3 MB.
System memory in use after: 113.5 MB.

Unloading 41 unused Assets to reduce memory usage. Loaded Objects now: 3047.
Total: 4.698100 ms (FindLiveObjects: 0.387900 ms CreateObjectMapping: 0.128100 ms MarkObjects: 2.397000 ms  DeleteObjects: 1.783100 ms)

========================================================================
Received Import Request.
  Time since last request: 614.821454 seconds.
  path: Assets/Scripts/Inventory/InventoryManager.cs
  artifactKey: Guid(6f8e3e7bfbe6b1a4ca031e90a1a9f919) Importer(815301076,1909f56bfc062723c751e8b465ee728b)
Start importing Assets/Scripts/Inventory/InventoryManager.cs using Guid(6f8e3e7bfbe6b1a4ca031e90a1a9f919) Importer(815301076,1909f56bfc062723c751e8b465ee728b)  -> (artifact id: 'de1e5c9e9f267f94f33961c26ee892be') in 0.011246 seconds
  Import took 0.015674 seconds .

AssetImportWorkerClient::OnTransportError - code=2 error=End of file
